Downloading https://services.gradle.org/distributions/gradle-8.14.3-all.zip
.....................10%.....................20%......................30%.....................40%......................50%.....................60%.....................70%......................80%.....................90%......................100%

Welcome to Gradle 8.14.3!

Here are the highlights of this release:
 - Java 24 support
 - GraalVM Native Image toolchain selection
 - Enhancements to test reporting
 - Build Authoring improvements

For more details see https://docs.gradle.org/8.14.3/release-notes.html

To honour the JVM settings for this build a single-use Daemon process will be forked. For more on this, please refer to https://docs.gradle.org/8.14.3/userguide/gradle_daemon.html#sec:disabling_the_daemon in the Gradle documentation.
Daemon will be stopped at the end of the build 

> Configure project :app
WARNING: Using flatDir should be avoided because it doesn't support any meta-data formats.

> Configure project :capacitor-cordova-android-plugins
WARNING: Using flatDir should be avoided because it doesn't support any meta-data formats.
Checking the license for package Android SDK Build-Tools 35 in C:\Users\str06\AppData\Local\Android\Sdk\licenses
License for package Android SDK Build-Tools 35 accepted.
Preparing "Install Android SDK Build-Tools 35 v.35.0.0".
"Install Android SDK Build-Tools 35 v.35.0.0" ready.
Installing Android SDK Build-Tools 35 in C:\Users\str06\AppData\Local\Android\Sdk\build-tools\35.0.0
"Install Android SDK Build-Tools 35 v.35.0.0" complete.
"Install Android SDK Build-Tools 35 v.35.0.0" finished.
[=========                              ] 25%                                   

> Task :app:preBuild UP-TO-DATE
> Task :app:preDebugBuild UP-TO-DATE
> Task :app:mergeDebugNativeDebugMetadata NO-SOURCE
> Task :capacitor-android:preBuild UP-TO-DATE
> Task :capacitor-android:preDebugBuild UP-TO-DATE
> Task :capacitor-app:preBuild UP-TO-DATE
> Task :capacitor-app:preDebugBuild UP-TO-DATE
> Task :capacitor-cordova-android-plugins:preBuild UP-TO-DATE
> Task :capacitor-cordova-android-plugins:preDebugBuild UP-TO-DATE
> Task :capacitor-app:writeDebugAarMetadata
> Task :capacitor-android:writeDebugAarMetadata
> Task :app:javaPreCompileDebug
> Task :capacitor-cordova-android-plugins:writeDebugAarMetadata
> Task :capacitor-android:processDebugNavigationResources
> Task :app:checkDebugAarMetadata
> Task :capacitor-app:processDebugNavigationResources
> Task :capacitor-cordova-android-plugins:processDebugNavigationResources
> Task :app:processDebugNavigationResources
> Task :app:generateDebugResValues
> Task :app:compileDebugNavigationResources
> Task :capacitor-android:generateDebugResValues
> Task :capacitor-android:generateDebugResources
> Task :capacitor-android:packageDebugResources
> Task :capacitor-app:generateDebugResValues
> Task :capacitor-app:generateDebugResources
> Task :capacitor-app:packageDebugResources
> Task :capacitor-cordova-android-plugins:generateDebugResValues
> Task :capacitor-cordova-android-plugins:generateDebugResources
> Task :capacitor-cordova-android-plugins:packageDebugResources
> Task :app:mapDebugSourceSetPaths FAILED

FAILURE: Build failed with an exception.

* What went wrong:
Execution failed for task ':app:mapDebugSourceSetPaths'.
> A build operation failed.
      Could not move temporary workspace (C:\Users\str06\.gradle\caches\8.14.3\transforms\dbfb9a6e9b2a81e57777f01d9acfdb17-72dadd61-593d-431f-881d-052e86c454ce) to immutable location (C:\Users\str06\.gradle\caches\8.14.3\transforms\dbfb9a6e9b2a81e57777f01d9acfdb17)
   > Could not move temporary workspace (C:\Users\str06\.gradle\caches\8.14.3\transforms\dbfb9a6e9b2a81e57777f01d9acfdb17-72dadd61-593d-431f-881d-052e86c454ce) to immutable location (C:\Users\str06\.gradle\caches\8.14.3\transforms\dbfb9a6e9b2a81e57777f01d9acfdb17)

* Try:
> Run with --stacktrace option to get the stack trace.
> Run with --info or --debug option to get more log output.
> Run with --scan to get full insights.
> Get more help at https://help.gradle.org.

BUILD FAILED in 8m 44s
21 actionable tasks: 21 executed
